2018/06/11 16:42:18	System.Object	sd01	yanagawa	オブジェクト参照がオブジェクト インスタンスに設定されていません。	   場所 DisplacementDistributionChart.GraphDataInfoFromDB(String siteDirectory, Boolean postBackFlg) 場所 F:\現場\j_次期Webシステム\WebDataSystem\Graph_DispDistributionChart.aspx.vb:行 965
   場所 DisplacementDistributionChart.Page_Load(Object sender, EventArgs e) 場所 F:\現場\j_次期Webシステム\WebDataSystem\Graph_DispDistributionChart.aspx.vb:行 375
   場所 System.Web.UI.Control.OnLoad(EventArgs e)
   場所 System.Web.UI.Control.LoadRecursive()
   場所 System.Web.UI.Page.ProcessRequestMain(Boolean includeStagesBeforeAsyncPoint, Boolean includeStagesAfterAsyncPoint)DisplacementDistributionChart
2018/06/11 16:43:32	System.Object	sd01	yanagawa	オブジェクト参照がオブジェクト インスタンスに設定されていません。	   場所 DisplacementDistributionChart.GraphDataInfoFromDB(String siteDirectory, Boolean postBackFlg) 場所 F:\現場\j_次期Webシステム\WebDataSystem\Graph_DispDistributionChart.aspx.vb:行 965
   場所 DisplacementDistributionChart.Page_Load(Object sender, EventArgs e) 場所 F:\現場\j_次期Webシステム\WebDataSystem\Graph_DispDistributionChart.aspx.vb:行 375
   場所 System.Web.UI.Control.OnLoad(EventArgs e)
   場所 System.Web.UI.Control.LoadRecursive()
   場所 System.Web.UI.Page.ProcessRequestMain(Boolean includeStagesBeforeAsyncPoint, Boolean includeStagesAfterAsyncPoint)DisplacementDistributionChart
2018/06/11 16:43:54	System.Object	sd01	yanagawa	オブジェクト参照がオブジェクト インスタンスに設定されていません。	   場所 DisplacementDistributionChart.GraphDataInfoFromDB(String siteDirectory, Boolean postBackFlg) 場所 F:\現場\j_次期Webシステム\WebDataSystem\Graph_DispDistributionChart.aspx.vb:行 965
   場所 DisplacementDistributionChart.Page_Load(Object sender, EventArgs e) 場所 F:\現場\j_次期Webシステム\WebDataSystem\Graph_DispDistributionChart.aspx.vb:行 375
   場所 System.Web.UI.Control.OnLoad(EventArgs e)
   場所 System.Web.UI.Control.LoadRecursive()
   場所 System.Web.UI.Page.ProcessRequestMain(Boolean includeStagesBeforeAsyncPoint, Boolean includeStagesAfterAsyncPoint)DisplacementDistributionChart
2018/06/11 16:45:54	System.Object	sd01	yanagawa	オブジェクト参照がオブジェクト インスタンスに設定されていません。	   場所 DisplacementDistributionChart.GraphDataInfoFromDB(String siteDirectory, Boolean postBackFlg) 場所 F:\現場\j_次期Webシステム\WebDataSystem\Graph_DispDistributionChart.aspx.vb:行 965
   場所 DisplacementDistributionChart.Page_Load(Object sender, EventArgs e) 場所 F:\現場\j_次期Webシステム\WebDataSystem\Graph_DispDistributionChart.aspx.vb:行 375
   場所 System.Web.UI.Control.OnLoad(EventArgs e)
   場所 System.Web.UI.Control.LoadRecursive()
   場所 System.Web.UI.Page.ProcessRequestMain(Boolean includeStagesBeforeAsyncPoint, Boolean includeStagesAfterAsyncPoint)DisplacementDistributionChart
2018/06/11 16:45:59	System.Object	sd01	yanagawa	オブジェクト参照がオブジェクト インスタンスに設定されていません。	   場所 DisplacementDistributionChart.GraphDataInfoFromDB(String siteDirectory, Boolean postBackFlg) 場所 F:\現場\j_次期Webシステム\WebDataSystem\Graph_DispDistributionChart.aspx.vb:行 965
   場所 DisplacementDistributionChart.Page_Load(Object sender, EventArgs e) 場所 F:\現場\j_次期Webシステム\WebDataSystem\Graph_DispDistributionChart.aspx.vb:行 375
   場所 System.Web.UI.Control.OnLoad(EventArgs e)
   場所 System.Web.UI.Control.LoadRecursive()
   場所 System.Web.UI.Page.ProcessRequestMain(Boolean includeStagesBeforeAsyncPoint, Boolean includeStagesAfterAsyncPoint)DisplacementDistributionChart
2018/06/11 16:46:05	System.Object	sd01	yanagawa	オブジェクト参照がオブジェクト インスタンスに設定されていません。	   場所 DisplacementDistributionChart.GraphDataInfoFromDB(String siteDirectory, Boolean postBackFlg) 場所 F:\現場\j_次期Webシステム\WebDataSystem\Graph_DispDistributionChart.aspx.vb:行 965
   場所 DisplacementDistributionChart.Page_Load(Object sender, EventArgs e) 場所 F:\現場\j_次期Webシステム\WebDataSystem\Graph_DispDistributionChart.aspx.vb:行 375
   場所 System.Web.UI.Control.OnLoad(EventArgs e)
   場所 System.Web.UI.Control.LoadRecursive()
   場所 System.Web.UI.Page.ProcessRequestMain(Boolean includeStagesBeforeAsyncPoint, Boolean includeStagesAfterAsyncPoint)DisplacementDistributionChart
2018/06/11 16:47:05	System.Object	sd01	yanagawa	オブジェクト参照がオブジェクト インスタンスに設定されていません。	   場所 DisplacementDistributionChart.GraphDataInfoFromDB(String siteDirectory, Boolean postBackFlg) 場所 F:\現場\j_次期Webシステム\WebDataSystem\Graph_DispDistributionChart.aspx.vb:行 965
   場所 DisplacementDistributionChart.Page_Load(Object sender, EventArgs e) 場所 F:\現場\j_次期Webシステム\WebDataSystem\Graph_DispDistributionChart.aspx.vb:行 375
   場所 System.Web.UI.Control.OnLoad(EventArgs e)
   場所 System.Web.UI.Control.LoadRecursive()
   場所 System.Web.UI.Page.ProcessRequestMain(Boolean includeStagesBeforeAsyncPoint, Boolean includeStagesAfterAsyncPoint)DisplacementDistributionChart
2018/06/11 16:51:56	System.Object	sd01	yanagawa	オブジェクト参照がオブジェクト インスタンスに設定されていません。	   場所 DisplacementDistributionChart.GraphDataInfoFromDB(String siteDirectory, Boolean postBackFlg) 場所 F:\現場\j_次期Webシステム\WebDataSystem\Graph_DispDistributionChart.aspx.vb:行 965
   場所 DisplacementDistributionChart.Page_Load(Object sender, EventArgs e) 場所 F:\現場\j_次期Webシステム\WebDataSystem\Graph_DispDistributionChart.aspx.vb:行 375
   場所 System.Web.UI.Control.OnLoad(EventArgs e)
   場所 System.Web.UI.Control.LoadRecursive()
   場所 System.Web.UI.Page.ProcessRequestMain(Boolean includeStagesBeforeAsyncPoint, Boolean includeStagesAfterAsyncPoint)DisplacementDistributionChart
2018/06/11 16:52:05	System.Object	sd01	yanagawa	オブジェクト参照がオブジェクト インスタンスに設定されていません。	   場所 DisplacementDistributionChart.GraphDataInfoFromDB(String siteDirectory, Boolean postBackFlg) 場所 F:\現場\j_次期Webシステム\WebDataSystem\Graph_DispDistributionChart.aspx.vb:行 965
   場所 DisplacementDistributionChart.Page_Load(Object sender, EventArgs e) 場所 F:\現場\j_次期Webシステム\WebDataSystem\Graph_DispDistributionChart.aspx.vb:行 375
   場所 System.Web.UI.Control.OnLoad(EventArgs e)
   場所 System.Web.UI.Control.LoadRecursive()
   場所 System.Web.UI.Page.ProcessRequestMain(Boolean includeStagesBeforeAsyncPoint, Boolean includeStagesAfterAsyncPoint)DisplacementDistributionChart
2018/06/11 16:52:06	System.Object	sd01	yanagawa	オブジェクト参照がオブジェクト インスタンスに設定されていません。	   場所 DisplacementDistributionChart.GraphDataInfoFromDB(String siteDirectory, Boolean postBackFlg) 場所 F:\現場\j_次期Webシステム\WebDataSystem\Graph_DispDistributionChart.aspx.vb:行 965
   場所 DisplacementDistributionChart.Page_Load(Object sender, EventArgs e) 場所 F:\現場\j_次期Webシステム\WebDataSystem\Graph_DispDistributionChart.aspx.vb:行 375
   場所 System.Web.UI.Control.OnLoad(EventArgs e)
   場所 System.Web.UI.Control.LoadRecursive()
   場所 System.Web.UI.Page.ProcessRequestMain(Boolean includeStagesBeforeAsyncPoint, Boolean includeStagesAfterAsyncPoint)DisplacementDistributionChart
2018/06/11 16:52:15	System.Object	sd01	yanagawa	オブジェクト参照がオブジェクト インスタンスに設定されていません。	   場所 DisplacementDistributionChart.GraphDataInfoFromDB(String siteDirectory, Boolean postBackFlg) 場所 F:\現場\j_次期Webシステム\WebDataSystem\Graph_DispDistributionChart.aspx.vb:行 965
   場所 DisplacementDistributionChart.Page_Load(Object sender, EventArgs e) 場所 F:\現場\j_次期Webシステム\WebDataSystem\Graph_DispDistributionChart.aspx.vb:行 375
   場所 System.Web.UI.Control.OnLoad(EventArgs e)
   場所 System.Web.UI.Control.LoadRecursive()
   場所 System.Web.UI.Page.ProcessRequestMain(Boolean includeStagesBeforeAsyncPoint, Boolean includeStagesAfterAsyncPoint)DisplacementDistributionChart
2018/06/11 16:52:50	System.Object	sd01	yanagawa	オブジェクト参照がオブジェクト インスタンスに設定されていません。	   場所 DisplacementDistributionChart.GraphDataInfoFromDB(String siteDirectory, Boolean postBackFlg) 場所 F:\現場\j_次期Webシステム\WebDataSystem\Graph_DispDistributionChart.aspx.vb:行 965
   場所 DisplacementDistributionChart.Page_Load(Object sender, EventArgs e) 場所 F:\現場\j_次期Webシステム\WebDataSystem\Graph_DispDistributionChart.aspx.vb:行 375
   場所 System.Web.UI.Control.OnLoad(EventArgs e)
   場所 System.Web.UI.Control.LoadRecursive()
   場所 System.Web.UI.Page.ProcessRequestMain(Boolean includeStagesBeforeAsyncPoint, Boolean includeStagesAfterAsyncPoint)DisplacementDistributionChart
2018/06/11 16:52:54	System.Object	UN---	SD---	オブジェクト参照がオブジェクト インスタンスに設定されていません。	   場所 DisplacementDistributionChart.Page_Load(Object sender, EventArgs e) 場所 F:\現場\j_次期Webシステム\WebDataSystem\Graph_DispDistributionChart.aspx.vb:行 215
   場所 System.Web.UI.Control.OnLoad(EventArgs e)
   場所 System.Web.UI.Control.LoadRecursive()
   場所 System.Web.UI.Page.ProcessRequestMain(Boolean includeStagesBeforeAsyncPoint, Boolean includeStagesAfterAsyncPoint)DisplacementDistributionChart
2018/06/11 16:53:37	System.Object	sd01	yanagawa	オブジェクト参照がオブジェクト インスタンスに設定されていません。	   場所 DisplacementDistributionChart.GraphDataInfoFromDB(String siteDirectory, Boolean postBackFlg) 場所 F:\現場\j_次期Webシステム\WebDataSystem\Graph_DispDistributionChart.aspx.vb:行 965
   場所 DisplacementDistributionChart.Page_Load(Object sender, EventArgs e) 場所 F:\現場\j_次期Webシステム\WebDataSystem\Graph_DispDistributionChart.aspx.vb:行 375
   場所 System.Web.UI.Control.OnLoad(EventArgs e)
   場所 System.Web.UI.Control.LoadRecursive()
   場所 System.Web.UI.Page.ProcessRequestMain(Boolean includeStagesBeforeAsyncPoint, Boolean includeStagesAfterAsyncPoint)DisplacementDistributionChart
2018/06/11 18:27:17	System.Object	sd01	yanagawa	オブジェクト参照がオブジェクト インスタンスに設定されていません。	   場所 DisplacementDistributionChart.GraphDataInfoFromDB(String siteDirectory, Boolean postBackFlg) 場所 F:\現場\j_次期Webシステム\WebDataSystem\Graph_DispDistributionChart.aspx.vb:行 965
   場所 DisplacementDistributionChart.Page_Load(Object sender, EventArgs e) 場所 F:\現場\j_次期Webシステム\WebDataSystem\Graph_DispDistributionChart.aspx.vb:行 375
   場所 System.Web.UI.Control.OnLoad(EventArgs e)
   場所 System.Web.UI.Control.LoadRecursive()
   場所 System.Web.UI.Page.ProcessRequestMain(Boolean includeStagesBeforeAsyncPoint, Boolean includeStagesAfterAsyncPoint)DisplacementDistributionChart
2018/06/11 18:28:17	System.Object	sd01	yanagawa	オブジェクト参照がオブジェクト インスタンスに設定されていません。	   場所 DisplacementDistributionChart.GraphDataInfoFromDB(String siteDirectory, Boolean postBackFlg) 場所 F:\現場\j_次期Webシステム\WebDataSystem\Graph_DispDistributionChart.aspx.vb:行 965
   場所 DisplacementDistributionChart.Page_Load(Object sender, EventArgs e) 場所 F:\現場\j_次期Webシステム\WebDataSystem\Graph_DispDistributionChart.aspx.vb:行 375
   場所 System.Web.UI.Control.OnLoad(EventArgs e)
   場所 System.Web.UI.Control.LoadRecursive()
   場所 System.Web.UI.Page.ProcessRequestMain(Boolean includeStagesBeforeAsyncPoint, Boolean includeStagesAfterAsyncPoint)DisplacementDistributionChart
2018/06/11 18:29:26	System.Object	sd01	yanagawa	オブジェクト参照がオブジェクト インスタンスに設定されていません。	   場所 DisplacementDistributionChart.GraphDataInfoFromDB(String siteDirectory, Boolean postBackFlg) 場所 F:\現場\j_次期Webシステム\WebDataSystem\Graph_DispDistributionChart.aspx.vb:行 965
   場所 DisplacementDistributionChart.Page_Load(Object sender, EventArgs e) 場所 F:\現場\j_次期Webシステム\WebDataSystem\Graph_DispDistributionChart.aspx.vb:行 375
   場所 System.Web.UI.Control.OnLoad(EventArgs e)
   場所 System.Web.UI.Control.LoadRecursive()
   場所 System.Web.UI.Page.ProcessRequestMain(Boolean includeStagesBeforeAsyncPoint, Boolean includeStagesAfterAsyncPoint)DisplacementDistributionChart
2018/06/11 18:36:33	System.Object	sd01	yanagawa	オブジェクト参照がオブジェクト インスタンスに設定されていません。	   場所 DisplacementDistributionChart.GraphDataInfoFromDB(String siteDirectory, Boolean postBackFlg) 場所 F:\現場\j_次期Webシステム\WebDataSystem\Graph_DispDistributionChart.aspx.vb:行 965
   場所 DisplacementDistributionChart.Page_Load(Object sender, EventArgs e) 場所 F:\現場\j_次期Webシステム\WebDataSystem\Graph_DispDistributionChart.aspx.vb:行 375
   場所 System.Web.UI.Control.OnLoad(EventArgs e)
   場所 System.Web.UI.Control.LoadRecursive()
   場所 System.Web.UI.Page.ProcessRequestMain(Boolean includeStagesBeforeAsyncPoint, Boolean includeStagesAfterAsyncPoint)DisplacementDistributionChart
2018/06/11 18:37:02	System.Object	sd01	yanagawa	オブジェクト参照がオブジェクト インスタンスに設定されていません。	   場所 DisplacementDistributionChart.GraphDataInfoFromDB(String siteDirectory, Boolean postBackFlg) 場所 F:\現場\j_次期Webシステム\WebDataSystem\Graph_DispDistributionChart.aspx.vb:行 965
   場所 DisplacementDistributionChart.Page_Load(Object sender, EventArgs e) 場所 F:\現場\j_次期Webシステム\WebDataSystem\Graph_DispDistributionChart.aspx.vb:行 375
   場所 System.Web.UI.Control.OnLoad(EventArgs e)
   場所 System.Web.UI.Control.LoadRecursive()
   場所 System.Web.UI.Page.ProcessRequestMain(Boolean includeStagesBeforeAsyncPoint, Boolean includeStagesAfterAsyncPoint)DisplacementDistributionChart
2018/06/12 17:34:16	System.Object	sd01	yanagawa	インデックスが配列の境界外です。	   場所 DisplacementDistributionChart.GraphDataInfoFromDB(String siteDirectory, Boolean postBackFlg) 場所 F:\現場\j_次期Webシステム\WebDataSystem\Graph_DispDistributionChart.aspx.vb:行 1042
   場所 DisplacementDistributionChart.Page_Load(Object sender, EventArgs e) 場所 F:\現場\j_次期Webシステム\WebDataSystem\Graph_DispDistributionChart.aspx.vb:行 384
   場所 System.Web.UI.Control.OnLoad(EventArgs e)
   場所 System.Web.UI.Control.LoadRecursive()
   場所 System.Web.UI.Page.ProcessRequestMain(Boolean includeStagesBeforeAsyncPoint, Boolean includeStagesAfterAsyncPoint)DisplacementDistributionChart
2018/06/12 20:15:07	System.Object	sd01	yanagawa	Base-64 文字配列または文字列の長さが無効です。	   場所 System.Convert.FromBase64_Decode(Char* startInputPtr, Int32 inputLength, Byte* startDestPtr, Int32 destLength)
   場所 System.Convert.FromBase64CharPtr(Char* inputPtr, Int32 inputLength)
   場所 System.Convert.FromBase64String(String s)
   場所 System.Web.UI.ObjectStateFormatter.Deserialize(String inputString, Purpose purpose)
   場所 System.Web.UI.ObjectStateFormatter.System.Web.UI.IStateFormatter2.Deserialize(String serializedState, Purpose purpose)
   場所 System.Web.UI.Util.DeserializeWithAssert(IStateFormatter2 formatter, String serializedState, Purpose purpose)
   場所 System.Web.UI.HiddenFieldPageStatePersister.Load()DisplacementDistributionChart
2018/06/15 14:23:39	System.Object	sd01	yanagawa	出力日付が指定されていません。	   場所 DisplacementDistributionChart.Page_Load(Object sender, EventArgs e) 場所 F:\現場\j_次期Webシステム\WebDataSystem\Graph_DispDistributionChart.aspx.vb:行 387
   場所 System.Web.UI.Control.OnLoad(EventArgs e)
   場所 System.Web.UI.Control.LoadRecursive()
   場所 System.Web.UI.Page.ProcessRequestMain(Boolean includeStagesBeforeAsyncPoint, Boolean includeStagesAfterAsyncPoint)DisplacementDistributionChart
2018/06/15 14:23:45	System.Object	sd01	yanagawa	出力日付が指定されていません。	   場所 DisplacementDistributionChart.Page_Load(Object sender, EventArgs e) 場所 F:\現場\j_次期Webシステム\WebDataSystem\Graph_DispDistributionChart.aspx.vb:行 387
   場所 System.Web.UI.Control.OnLoad(EventArgs e)
   場所 System.Web.UI.Control.LoadRecursive()
   場所 System.Web.UI.Page.ProcessRequestMain(Boolean includeStagesBeforeAsyncPoint, Boolean includeStagesAfterAsyncPoint)DisplacementDistributionChart
2018/06/15 15:10:27	System.Object	sd01	yanagawa	ファイル 'F:\現場\j_次期Webシステム\WebDataSystem\yanagawa\App_Data\ContactControl.mdb' が見つかりませんでした。	   場所 System.Data.OleDb.OleDbConnectionInternal..ctor(OleDbConnectionString constr, OleDbConnection connection)
   場所 System.Data.OleDb.OleDbConnectionFactory.CreateConnection(DbConnectionOptions options, DbConnectionPoolKey poolKey, Object poolGroupProviderInfo, DbConnectionPool pool, DbConnection owningObject)
   場所 System.Data.ProviderBase.DbConnectionFactory.CreateConnection(DbConnectionOptions options, DbConnectionPoolKey poolKey, Object poolGroupProviderInfo, DbConnectionPool pool, DbConnection owningConnection, DbConnectionOptions userOptions)
   場所 System.Data.ProviderBase.DbConnectionFactory.CreateNonPooledConnection(DbConnection owningConnection, DbConnectionPoolGroup poolGroup, DbConnectionOptions userOptions)
   場所 System.Data.ProviderBase.DbConnectionFactory.TryGetConnection(DbConnection owningConnection, TaskCompletionSource`1 retry, DbConnectionOptions userOptions, DbConnectionInternal oldConnection, DbConnectionInternal& connection)
   場所 System.Data.ProviderBase.DbConnectionInternal.TryOpenConnectionInternal(DbConnection outerConnection, DbConnectionFactory connectionFactory, TaskCompletionSource`1 retry, DbConnectionOptions userOptions)
   場所 System.Data.ProviderBase.DbConnectionClosed.TryOpenConnection(DbConnection outerConnection, DbConnectionFactory connectionFactory, TaskCompletionSource`1 retry, DbConnectionOptions userOptions)
   場所 System.Data.ProviderBase.DbConnectionInternal.OpenConnection(DbConnection outerConnection, DbConnectionFactory connectionFactory)
   場所 System.Data.OleDb.OleDbConnection.Open()
   場所 System.Data.Common.DbDataAdapter.FillInternal(DataSet dataset, DataTable[] datatables, Int32 startRecord, Int32 maxRecords, String srcTable, IDbCommand command, CommandBehavior behavior)
   場所 System.Data.Common.DbDataAdapter.Fill(DataSet dataSet, Int32 startRecord, Int32 maxRecords, String srcTable, IDbCommand command, CommandBehavior behavior)
   場所 System.Data.Common.DbDataAdapter.Fill(DataSet dataSet, String srcTable)
   場所 Control_SiteEquipSetContact.GetLoggerInfo2Control(String siteDirectory) 場所 F:\現場\j_次期Webシステム\WebDataSystem\ControlSiteEquipSet_Contact.aspx.vb:行 160
   場所 Control_SiteEquipSetContact.Page_Load(Object sender, EventArgs e) 場所 F:\現場\j_次期Webシステム\WebDataSystem\ControlSiteEquipSet_Contact.aspx.vb:行 138
   場所 System.Web.UI.Control.OnLoad(EventArgs e)
   場所 System.Web.UI.Control.LoadRecursive()
   場所 System.Web.UI.Page.ProcessRequestMain(Boolean includeStagesBeforeAsyncPoint, Boolean includeStagesAfterAsyncPoint)Control_SiteEquipSetContact
2018/07/23 16:56:50	System.Object	IoTsd001	IoT	オブジェクト参照がオブジェクト インスタンスに設定されていません。	   場所 Graph_WLTimeChart.Page_Load(Object sender, EventArgs e) 場所 F:\現場\j_次期Webシステム\WebDataSystem\Graph_WLTimeChart.aspx.vb:行 174
   場所 System.Web.UI.Control.OnLoad(EventArgs e)
   場所 System.Web.UI.Control.LoadRecursive()
   場所 System.Web.UI.Page.ProcessRequestMain(Boolean includeStagesBeforeAsyncPoint, Boolean includeStagesAfterAsyncPoint)Graph_WLTimeChart
